{"C:\\JavaScript\\Workout-Planner\\server\\index.js": {"path":"C:\\JavaScript\\Workout-Planner\\server\\index.js","statementMap":{"0":{"start":{"line":2,"column":16},"end":{"line":2,"column":34}},"1":{"start":{"line":3,"column":13},"end":{"line":3,"column":28}},"2":{"start":{"line":4,"column":15},"end":{"line":4,"column":32}},"3":{"start":{"line":5,"column":21},"end":{"line":5,"column":48}},"4":{"start":{"line":6,"column":21},"end":{"line":6,"column":48}},"5":{"start":{"line":8,"column":0},"end":{"line":8,"column":16}},"6":{"start":{"line":10,"column":12},"end":{"line":10,"column":21}},"7":{"start":{"line":11,"column":0},"end":{"line":11,"column":24}},"8":{"start":{"line":12,"column":0},"end":{"line":12,"column":16}},"9":{"start":{"line":14,"column":0},"end":{"line":14,"column":34}},"10":{"start":{"line":15,"column":0},"end":{"line":15,"column":34}},"11":{"start":{"line":20,"column":0},"end":{"line":20,"column":21}}},"fnMap":{},"branchMap":{},"s":{"0":5,"1":5,"2":5,"3":5,"4":5,"5":5,"6":5,"7":5,"8":5,"9":5,"10":5,"11":5},"f":{},"b":{},"_coverageSchema":"1a1c01bbd47fc00a2c39e90264f33305004495a9","hash":"ab7fd1906dd2560fb5e0a0463a4db05344098f2a"}
,"C:\\JavaScript\\Workout-Planner\\server\\controllers\\accountController.js": {"path":"C:\\JavaScript\\Workout-Planner\\server\\controllers\\accountController.js","statementMap":{"0":{"start":{"line":1,"column":16},"end":{"line":1,"column":52}},"1":{"start":{"line":2,"column":15},"end":{"line":2,"column":32}},"2":{"start":{"line":4,"column":12},"end":{"line":4,"column":35}},"3":{"start":{"line":8,"column":17},"end":{"line":37,"column":1}},"4":{"start":{"line":9,"column":4},"end":{"line":36,"column":5}},"5":{"start":{"line":10,"column":57},"end":{"line":10,"column":65}},"6":{"start":{"line":13,"column":33},"end":{"line":13,"column":65}},"7":{"start":{"line":14,"column":8},"end":{"line":16,"column":9}},"8":{"start":{"line":15,"column":12},"end":{"line":15,"column":81}},"9":{"start":{"line":19,"column":34},"end":{"line":19,"column":65}},"10":{"start":{"line":22,"column":27},"end":{"line":27,"column":9}},"11":{"start":{"line":28,"column":24},"end":{"line":28,"column":56}},"12":{"start":{"line":32,"column":8},"end":{"line":32,"column":45}},"13":{"start":{"line":34,"column":8},"end":{"line":34,"column":37}},"14":{"start":{"line":35,"column":8},"end":{"line":35,"column":57}},"15":{"start":{"line":41,"column":14},"end":{"line":68,"column":1}},"16":{"start":{"line":42,"column":4},"end":{"line":67,"column":5}},"17":{"start":{"line":44,"column":36},"end":{"line":44,"column":44}},"18":{"start":{"line":47,"column":24},"end":{"line":47,"column":56}},"19":{"start":{"line":50,"column":8},"end":{"line":63,"column":9}},"20":{"start":{"line":51,"column":32},"end":{"line":59,"column":9}},"21":{"start":{"line":60,"column":12},"end":{"line":60,"column":57}},"22":{"start":{"line":62,"column":12},"end":{"line":62,"column":82}},"23":{"start":{"line":65,"column":8},"end":{"line":65,"column":37}},"24":{"start":{"line":66,"column":8},"end":{"line":66,"column":57}},"25":{"start":{"line":71,"column":0},"end":{"line":71,"column":37}}},"fnMap":{"0":{"name":"(anonymous_0)","decl":{"start":{"line":8,"column":17},"end":{"line":8,"column":18}},"loc":{"start":{"line":8,"column":37},"end":{"line":37,"column":1}},"line":8},"1":{"name":"(anonymous_1)","decl":{"start":{"line":41,"column":14},"end":{"line":41,"column":15}},"loc":{"start":{"line":41,"column":34},"end":{"line":68,"column":1}},"line":41}},"branchMap":{"0":{"loc":{"start":{"line":14,"column":8},"end":{"line":16,"column":9}},"type":"if","locations":[{"start":{"line":14,"column":8},"end":{"line":16,"column":9}},{"start":{},"end":{}}],"line":14},"1":{"loc":{"start":{"line":50,"column":8},"end":{"line":63,"column":9}},"type":"if","locations":[{"start":{"line":50,"column":8},"end":{"line":63,"column":9}},{"start":{"line":61,"column":13},"end":{"line":63,"column":9}}],"line":50},"2":{"loc":{"start":{"line":50,"column":11},"end":{"line":50,"column":72}},"type":"binary-expr","locations":[{"start":{"line":50,"column":11},"end":{"line":50,"column":18}},{"start":{"line":50,"column":23},"end":{"line":50,"column":71}}],"line":50}},"s":{"0":6,"1":6,"2":6,"3":6,"4":6,"5":6,"6":6,"7":4,"8":2,"9":2,"10":2,"11":2,"12":2,"13":2,"14":2,"15":6,"16":4,"17":4,"18":4,"19":3,"20":1,"21":1,"22":2,"23":1,"24":1,"25":6},"f":{"0":6,"1":4},"b":{"0":[2,2],"1":[1,2],"2":[3,2]},"_coverageSchema":"1a1c01bbd47fc00a2c39e90264f33305004495a9","hash":"0907cec325648a7406916964e2f49d86310c225d"}
,"C:\\JavaScript\\Workout-Planner\\server\\controllers\\workoutController.js": {"path":"C:\\JavaScript\\Workout-Planner\\server\\controllers\\workoutController.js","statementMap":{"0":{"start":{"line":1,"column":16},"end":{"line":1,"column":52}},"1":{"start":{"line":2,"column":15},"end":{"line":2,"column":32}},"2":{"start":{"line":3,"column":12},"end":{"line":3,"column":35}},"3":{"start":{"line":6,"column":19},"end":{"line":34,"column":1}},"4":{"start":{"line":7,"column":4},"end":{"line":33,"column":5}},"5":{"start":{"line":8,"column":61},"end":{"line":8,"column":69}},"6":{"start":{"line":10,"column":19},"end":{"line":10,"column":25}},"7":{"start":{"line":12,"column":8},"end":{"line":15,"column":9}},"8":{"start":{"line":14,"column":12},"end":{"line":14,"column":78}},"9":{"start":{"line":17,"column":27},"end":{"line":25,"column":9}},"10":{"start":{"line":27,"column":24},"end":{"line":27,"column":56}},"11":{"start":{"line":29,"column":8},"end":{"line":29,"column":45}},"12":{"start":{"line":31,"column":8},"end":{"line":31,"column":37}},"13":{"start":{"line":32,"column":8},"end":{"line":32,"column":57}},"14":{"start":{"line":38,"column":19},"end":{"line":52,"column":1}},"15":{"start":{"line":39,"column":4},"end":{"line":51,"column":5}},"16":{"start":{"line":42,"column":19},"end":{"line":42,"column":25}},"17":{"start":{"line":45,"column":24},"end":{"line":45,"column":67}},"18":{"start":{"line":47,"column":8},"end":{"line":47,"column":45}},"19":{"start":{"line":49,"column":8},"end":{"line":49,"column":37}},"20":{"start":{"line":50,"column":8},"end":{"line":50,"column":57}},"21":{"start":{"line":55,"column":23},"end":{"line":88,"column":1}},"22":{"start":{"line":56,"column":4},"end":{"line":87,"column":5}},"23":{"start":{"line":57,"column":19},"end":{"line":57,"column":25}},"24":{"start":{"line":58,"column":25},"end":{"line":58,"column":33}},"25":{"start":{"line":60,"column":8},"end":{"line":62,"column":9}},"26":{"start":{"line":61,"column":12},"end":{"line":61,"column":74}},"27":{"start":{"line":65,"column":25},"end":{"line":81,"column":10}},"28":{"start":{"line":83,"column":8},"end":{"line":83,"column":46}},"29":{"start":{"line":85,"column":8},"end":{"line":85,"column":37}},"30":{"start":{"line":86,"column":8},"end":{"line":86,"column":57}},"31":{"start":{"line":91,"column":0},"end":{"line":91,"column":60}}},"fnMap":{"0":{"name":"(anonymous_0)","decl":{"start":{"line":6,"column":19},"end":{"line":6,"column":20}},"loc":{"start":{"line":6,"column":39},"end":{"line":34,"column":1}},"line":6},"1":{"name":"(anonymous_1)","decl":{"start":{"line":38,"column":19},"end":{"line":38,"column":20}},"loc":{"start":{"line":38,"column":39},"end":{"line":52,"column":1}},"line":38},"2":{"name":"(anonymous_2)","decl":{"start":{"line":55,"column":23},"end":{"line":55,"column":24}},"loc":{"start":{"line":55,"column":43},"end":{"line":88,"column":1}},"line":55}},"branchMap":{"0":{"loc":{"start":{"line":12,"column":8},"end":{"line":15,"column":9}},"type":"if","locations":[{"start":{"line":12,"column":8},"end":{"line":15,"column":9}},{"start":{},"end":{}}],"line":12},"1":{"loc":{"start":{"line":12,"column":11},"end":{"line":12,"column":67}},"type":"binary-expr","locations":[{"start":{"line":12,"column":11},"end":{"line":12,"column":20}},{"start":{"line":12,"column":24},"end":{"line":12,"column":29}},{"start":{"line":12,"column":33},"end":{"line":12,"column":38}},{"start":{"line":12,"column":42},"end":{"line":12,"column":47}},{"start":{"line":12,"column":51},"end":{"line":12,"column":58}},{"start":{"line":12,"column":62},"end":{"line":12,"column":67}}],"line":12},"2":{"loc":{"start":{"line":60,"column":8},"end":{"line":62,"column":9}},"type":"if","locations":[{"start":{"line":60,"column":8},"end":{"line":62,"column":9}},{"start":{},"end":{}}],"line":60}},"s":{"0":5,"1":5,"2":5,"3":5,"4":2,"5":2,"6":2,"7":2,"8":1,"9":1,"10":1,"11":1,"12":0,"13":0,"14":5,"15":1,"16":1,"17":1,"18":1,"19":0,"20":0,"21":5,"22":1,"23":1,"24":1,"25":1,"26":0,"27":1,"28":1,"29":0,"30":0,"31":5},"f":{"0":2,"1":1,"2":1},"b":{"0":[1,1],"1":[2,2,2,2,2,1],"2":[0,1]},"_coverageSchema":"1a1c01bbd47fc00a2c39e90264f33305004495a9","hash":"9888a65459d10943bc1f824cb8c5c7d7c96cf734"}
,"C:\\JavaScript\\Workout-Planner\\server\\middeware\\validateToken.js": {"path":"C:\\JavaScript\\Workout-Planner\\server\\middeware\\validateToken.js","statementMap":{"0":{"start":{"line":1,"column":12},"end":{"line":1,"column":35}},"1":{"start":{"line":4,"column":20},"end":{"line":35,"column":1}},"2":{"start":{"line":6,"column":4},"end":{"line":34,"column":5}},"3":{"start":{"line":10,"column":21},"end":{"line":10,"column":83}},"4":{"start":{"line":12,"column":4},"end":{"line":31,"column":5}},"5":{"start":{"line":14,"column":8},"end":{"line":14,"column":41}},"6":{"start":{"line":15,"column":8},"end":{"line":25,"column":11}},"7":{"start":{"line":16,"column":12},"end":{"line":19,"column":13}},"8":{"start":{"line":17,"column":16},"end":{"line":17,"column":32}},"9":{"start":{"line":18,"column":16},"end":{"line":18,"column":58}},"10":{"start":{"line":21,"column":12},"end":{"line":21,"column":43}},"11":{"start":{"line":23,"column":12},"end":{"line":23,"column":19}},"12":{"start":{"line":27,"column":8},"end":{"line":30,"column":9}},"13":{"start":{"line":28,"column":12},"end":{"line":28,"column":28}},"14":{"start":{"line":29,"column":12},"end":{"line":29,"column":74}},"15":{"start":{"line":33,"column":8},"end":{"line":33,"column":27}},"16":{"start":{"line":38,"column":0},"end":{"line":38,"column":33}}},"fnMap":{"0":{"name":"(anonymous_0)","decl":{"start":{"line":4,"column":20},"end":{"line":4,"column":21}},"loc":{"start":{"line":4,"column":51},"end":{"line":35,"column":1}},"line":4},"1":{"name":"(anonymous_1)","decl":{"start":{"line":15,"column":59},"end":{"line":15,"column":60}},"loc":{"start":{"line":15,"column":77},"end":{"line":25,"column":9}},"line":15}},"branchMap":{"0":{"loc":{"start":{"line":10,"column":21},"end":{"line":10,"column":83}},"type":"binary-expr","locations":[{"start":{"line":10,"column":21},"end":{"line":10,"column":50}},{"start":{"line":10,"column":54},"end":{"line":10,"column":83}}],"line":10},"1":{"loc":{"start":{"line":12,"column":4},"end":{"line":31,"column":5}},"type":"if","locations":[{"start":{"line":12,"column":4},"end":{"line":31,"column":5}},{"start":{},"end":{}}],"line":12},"2":{"loc":{"start":{"line":12,"column":7},"end":{"line":12,"column":52}},"type":"binary-expr","locations":[{"start":{"line":12,"column":7},"end":{"line":12,"column":17}},{"start":{"line":12,"column":21},"end":{"line":12,"column":52}}],"line":12},"3":{"loc":{"start":{"line":16,"column":12},"end":{"line":19,"column":13}},"type":"if","locations":[{"start":{"line":16,"column":12},"end":{"line":19,"column":13}},{"start":{},"end":{}}],"line":16},"4":{"loc":{"start":{"line":27,"column":8},"end":{"line":30,"column":9}},"type":"if","locations":[{"start":{"line":27,"column":8},"end":{"line":30,"column":9}},{"start":{},"end":{}}],"line":27}},"s":{"0":5,"1":5,"2":4,"3":4,"4":4,"5":4,"6":4,"7":4,"8":0,"9":0,"10":4,"11":4,"12":4,"13":0,"14":0,"15":0,"16":5},"f":{"0":4,"1":4},"b":{"0":[4,4],"1":[4,0],"2":[4,4],"3":[0,4],"4":[0,4]},"_coverageSchema":"1a1c01bbd47fc00a2c39e90264f33305004495a9","hash":"507b6b19348cb8be1ea74d95fe9f2c01546ab32e"}
,"C:\\JavaScript\\Workout-Planner\\server\\models\\accountModel.js": {"path":"C:\\JavaScript\\Workout-Planner\\server\\models\\accountModel.js","statementMap":{"0":{"start":{"line":1,"column":17},"end":{"line":1,"column":36}},"1":{"start":{"line":4,"column":22},"end":{"line":29,"column":1}},"2":{"start":{"line":31,"column":16},"end":{"line":31,"column":56}},"3":{"start":{"line":33,"column":0},"end":{"line":33,"column":25}}},"fnMap":{},"branchMap":{},"s":{"0":6,"1":6,"2":6,"3":6},"f":{},"b":{},"_coverageSchema":"1a1c01bbd47fc00a2c39e90264f33305004495a9","hash":"75ee4eb77e91daca183dcabb78c851038f183cf6"}
,"C:\\JavaScript\\Workout-Planner\\server\\models\\workoutModel.js": {"path":"C:\\JavaScript\\Workout-Planner\\server\\models\\workoutModel.js","statementMap":{"0":{"start":{"line":1,"column":17},"end":{"line":1,"column":36}},"1":{"start":{"line":4,"column":22},"end":{"line":40,"column":1}},"2":{"start":{"line":42,"column":16},"end":{"line":42,"column":57}},"3":{"start":{"line":44,"column":0},"end":{"line":44,"column":25}}},"fnMap":{},"branchMap":{},"s":{"0":5,"1":5,"2":5,"3":5},"f":{},"b":{},"_coverageSchema":"1a1c01bbd47fc00a2c39e90264f33305004495a9","hash":"9700aec1208e1e8671aada67baa3aaf811825dbd"}
,"C:\\JavaScript\\Workout-Planner\\server\\routes\\account.js": {"path":"C:\\JavaScript\\Workout-Planner\\server\\routes\\account.js","statementMap":{"0":{"start":{"line":1,"column":16},"end":{"line":1,"column":34}},"1":{"start":{"line":2,"column":28},"end":{"line":2,"column":74}},"2":{"start":{"line":5,"column":15},"end":{"line":5,"column":31}},"3":{"start":{"line":7,"column":0},"end":{"line":7,"column":35}},"4":{"start":{"line":9,"column":0},"end":{"line":9,"column":29}},"5":{"start":{"line":15,"column":0},"end":{"line":15,"column":24}}},"fnMap":{},"branchMap":{},"s":{"0":5,"1":5,"2":5,"3":5,"4":5,"5":5},"f":{},"b":{},"_coverageSchema":"1a1c01bbd47fc00a2c39e90264f33305004495a9","hash":"5c1a79fb5fe5cd81c462cc82b9c7fa4be151d9e5"}
,"C:\\JavaScript\\Workout-Planner\\server\\routes\\workout.js": {"path":"C:\\JavaScript\\Workout-Planner\\server\\routes\\workout.js","statementMap":{"0":{"start":{"line":1,"column":16},"end":{"line":1,"column":34}},"1":{"start":{"line":2,"column":51},"end":{"line":2,"column":97}},"2":{"start":{"line":3,"column":24},"end":{"line":3,"column":64}},"3":{"start":{"line":6,"column":15},"end":{"line":6,"column":31}},"4":{"start":{"line":8,"column":0},"end":{"line":8,"column":45}},"5":{"start":{"line":9,"column":0},"end":{"line":9,"column":45}},"6":{"start":{"line":10,"column":0},"end":{"line":10,"column":53}},"7":{"start":{"line":12,"column":0},"end":{"line":12,"column":24}}},"fnMap":{},"branchMap":{},"s":{"0":5,"1":5,"2":5,"3":5,"4":5,"5":5,"6":5,"7":5},"f":{},"b":{},"_coverageSchema":"1a1c01bbd47fc00a2c39e90264f33305004495a9","hash":"0e04c0e21858c9d79b6f8446af28a369e2d7ae9e"}
}
