TN:
SF:index.js
FNF:0
FNH:0
DA:2,3
DA:3,3
DA:4,3
DA:5,3
DA:6,3
DA:8,3
DA:10,3
DA:11,3
DA:12,3
DA:14,3
DA:15,3
DA:20,3
LF:12
LH:12
BRF:0
BRH:0
end_of_record
TN:
SF:controllers\accountController.js
FN:8,(anonymous_0)
FN:41,(anonymous_1)
FNF:2
FNH:2
FNDA:6,(anonymous_0)
FNDA:4,(anonymous_1)
DA:1,4
DA:2,4
DA:4,4
DA:8,4
DA:9,6
DA:10,6
DA:13,6
DA:14,4
DA:15,2
DA:19,2
DA:22,2
DA:28,2
DA:32,2
DA:34,2
DA:35,2
DA:41,4
DA:42,4
DA:44,4
DA:47,4
DA:50,3
DA:51,1
DA:60,1
DA:62,2
DA:65,1
DA:66,1
DA:71,4
LF:26
LH:26
BRDA:14,0,0,2
BRDA:14,0,1,2
BRDA:50,1,0,1
BRDA:50,1,1,2
BRDA:50,2,0,3
BRDA:50,2,1,2
BRF:6
BRH:6
end_of_record
TN:
SF:controllers\workoutController.js
FN:6,(anonymous_0)
FNF:1
FNH:1
FNDA:2,(anonymous_0)
DA:1,3
DA:2,3
DA:3,3
DA:6,3
DA:7,2
DA:8,2
DA:11,2
DA:13,1
DA:16,1
DA:26,1
DA:28,1
DA:30,0
DA:31,0
DA:37,3
LF:14
LH:12
BRDA:11,0,0,1
BRDA:11,0,1,1
BRDA:11,1,0,2
BRDA:11,1,1,2
BRDA:11,1,2,2
BRDA:11,1,3,2
BRDA:11,1,4,2
BRDA:11,1,5,1
BRF:8
BRH:8
end_of_record
TN:
SF:middeware\validateToken.js
FN:4,(anonymous_0)
FN:15,(anonymous_1)
FNF:2
FNH:2
FNDA:2,(anonymous_0)
FNDA:2,(anonymous_1)
DA:1,3
DA:4,3
DA:6,2
DA:10,2
DA:12,2
DA:14,2
DA:15,2
DA:16,2
DA:17,0
DA:18,0
DA:21,2
DA:23,2
DA:27,2
DA:28,0
DA:29,0
DA:33,0
DA:38,3
LF:17
LH:12
BRDA:10,0,0,2
BRDA:10,0,1,2
BRDA:12,1,0,2
BRDA:12,1,1,0
BRDA:12,2,0,2
BRDA:12,2,1,2
BRDA:16,3,0,0
BRDA:16,3,1,2
BRDA:27,4,0,0
BRDA:27,4,1,2
BRF:10
BRH:7
end_of_record
TN:
SF:models\accountModel.js
FNF:0
FNH:0
DA:1,4
DA:4,4
DA:31,4
DA:33,4
LF:4
LH:4
BRF:0
BRH:0
end_of_record
TN:
SF:models\workoutModel.js
FNF:0
FNH:0
DA:1,3
DA:4,3
DA:42,3
DA:44,3
LF:4
LH:4
BRF:0
BRH:0
end_of_record
TN:
SF:routes\account.js
FNF:0
FNH:0
DA:1,3
DA:2,3
DA:5,3
DA:7,3
DA:9,3
DA:15,3
LF:6
LH:6
BRF:0
BRH:0
end_of_record
TN:
SF:routes\workout.js
FNF:0
FNH:0
DA:1,3
DA:2,3
DA:3,3
DA:6,3
DA:8,3
DA:10,3
LF:6
LH:6
BRF:0
BRH:0
end_of_record
