TN:
SF:index.js
FNF:0
FNH:0
DA:2,5
DA:3,5
DA:4,5
DA:5,5
DA:6,5
DA:8,5
DA:10,5
DA:11,5
DA:12,5
DA:14,5
DA:15,5
DA:20,5
LF:12
LH:12
BRF:0
BRH:0
end_of_record
TN:
SF:controllers\accountController.js
FN:8,(anonymous_0)
FN:41,(anonymous_1)
FNF:2
FNH:2
FNDA:6,(anonymous_0)
FNDA:4,(anonymous_1)
DA:1,6
DA:2,6
DA:4,6
DA:8,6
DA:9,6
DA:10,6
DA:13,6
DA:14,4
DA:15,2
DA:19,2
DA:22,2
DA:28,2
DA:32,2
DA:34,2
DA:35,2
DA:41,6
DA:42,4
DA:44,4
DA:47,4
DA:50,3
DA:51,1
DA:60,1
DA:62,2
DA:65,1
DA:66,1
DA:71,6
LF:26
LH:26
BRDA:14,0,0,2
BRDA:14,0,1,2
BRDA:50,1,0,1
BRDA:50,1,1,2
BRDA:50,2,0,3
BRDA:50,2,1,2
BRF:6
BRH:6
end_of_record
TN:
SF:controllers\workoutController.js
FN:6,(anonymous_0)
FN:38,(anonymous_1)
FN:55,(anonymous_2)
FNF:3
FNH:3
FNDA:2,(anonymous_0)
FNDA:1,(anonymous_1)
FNDA:1,(anonymous_2)
DA:1,5
DA:2,5
DA:3,5
DA:6,5
DA:7,2
DA:8,2
DA:10,2
DA:12,2
DA:14,1
DA:17,1
DA:27,1
DA:29,1
DA:31,0
DA:32,0
DA:38,5
DA:39,1
DA:42,1
DA:45,1
DA:47,1
DA:49,0
DA:50,0
DA:55,5
DA:56,1
DA:57,1
DA:58,1
DA:60,1
DA:61,0
DA:65,1
DA:83,1
DA:85,0
DA:86,0
DA:91,5
LF:32
LH:25
BRDA:12,0,0,1
BRDA:12,0,1,1
BRDA:12,1,0,2
BRDA:12,1,1,2
BRDA:12,1,2,2
BRDA:12,1,3,2
BRDA:12,1,4,2
BRDA:12,1,5,1
BRDA:60,2,0,0
BRDA:60,2,1,1
BRF:10
BRH:9
end_of_record
TN:
SF:middeware\validateToken.js
FN:4,(anonymous_0)
FN:15,(anonymous_1)
FNF:2
FNH:2
FNDA:4,(anonymous_0)
FNDA:4,(anonymous_1)
DA:1,5
DA:4,5
DA:6,4
DA:10,4
DA:12,4
DA:14,4
DA:15,4
DA:16,4
DA:17,0
DA:18,0
DA:21,4
DA:23,4
DA:27,4
DA:28,0
DA:29,0
DA:33,0
DA:38,5
LF:17
LH:12
BRDA:10,0,0,4
BRDA:10,0,1,4
BRDA:12,1,0,4
BRDA:12,1,1,0
BRDA:12,2,0,4
BRDA:12,2,1,4
BRDA:16,3,0,0
BRDA:16,3,1,4
BRDA:27,4,0,0
BRDA:27,4,1,4
BRF:10
BRH:7
end_of_record
TN:
SF:models\accountModel.js
FNF:0
FNH:0
DA:1,6
DA:4,6
DA:31,6
DA:33,6
LF:4
LH:4
BRF:0
BRH:0
end_of_record
TN:
SF:models\workoutModel.js
FNF:0
FNH:0
DA:1,5
DA:4,5
DA:42,5
DA:44,5
LF:4
LH:4
BRF:0
BRH:0
end_of_record
TN:
SF:routes\account.js
FNF:0
FNH:0
DA:1,5
DA:2,5
DA:5,5
DA:7,5
DA:9,5
DA:15,5
LF:6
LH:6
BRF:0
BRH:0
end_of_record
TN:
SF:routes\workout.js
FNF:0
FNH:0
DA:1,5
DA:2,5
DA:3,5
DA:6,5
DA:8,5
DA:9,5
DA:10,5
DA:12,5
LF:8
LH:8
BRF:0
BRH:0
end_of_record
