TN:
SF:server\index.js
FN:17,(anonymous_0)
FN:23,(anonymous_1)
FN:26,(anonymous_2)
FNF:3
FNH:1
FNDA:0,(anonymous_0)
FNDA:1,(anonymous_1)
FNDA:0,(anonymous_2)
DA:2,1
DA:3,1
DA:4,1
DA:5,1
DA:6,1
DA:8,1
DA:10,1
DA:11,1
DA:12,1
DA:14,1
DA:17,1
DA:18,0
DA:21,1
DA:31,1
LF:14
LH:13
BRF:0
BRH:0
end_of_record
TN:
SF:server\controllers\accountController.js
FN:5,(anonymous_0)
FNF:1
FNH:1
FNDA:3,(anonymous_0)
DA:1,1
DA:2,1
DA:5,1
DA:6,3
DA:7,3
DA:10,3
DA:11,3
DA:12,1
DA:16,2
DA:19,2
DA:25,2
DA:29,1
DA:31,1
DA:32,1
DA:36,1
LF:15
LH:15
BRDA:11,0,0,1
BRDA:11,0,1,2
BRF:2
BRH:2
end_of_record
TN:
SF:server\models\accountModel.js
FNF:0
FNH:0
DA:1,1
DA:4,1
DA:31,1
DA:33,1
LF:4
LH:4
BRF:0
BRH:0
end_of_record
TN:
SF:server\routes\account.js
FNF:0
FNH:0
DA:1,1
DA:2,1
DA:5,1
DA:7,1
DA:13,1
LF:5
LH:5
BRF:0
BRH:0
end_of_record
